CRITICAL - 2023-05-22 13:42:56 --> Undefined index: regions
in APPPATH\Controllers\Home.php on line 78.
 1 APPPATH\Controllers\Home.php(78): CodeIgniter\Debug\Exceptions->errorHandler(8, 'Undefined index: regions', 'F:\\project\\xampp\\azure-ocr\\app\\Controllers\\Home.php', 78, [...])
 2 APPPATH\Controllers\Home.php(37): App\Controllers\Home->handle_response('{"error":{"code":"InvalidRequest","innererror":{"code":"InvalidImageFormat","message":"Input data is not a valid image."},"message":"Input data is not a valid image."}}')
 3 SYSTEMPATH\CodeIgniter.php(936): App\Controllers\Home->runOCR()
 4 SYSTEMPATH\CodeIgniter.php(499): CodeIgniter\CodeIgniter->runController(Object(App\Controllers\Home))
 5 SYSTEMPATH\CodeIgniter.php(368): CodeIgniter\CodeIgniter->handleRequest(null, Object(Config\Cache), false)
 6 FCPATH\index.php(69): CodeIgniter\CodeIgniter->run()
 7 SYSTEMPATH\Commands\Server\rewrite.php(47): require_once('F:\\project\\xampp\\azure-ocr\\public\\index.php')
CRITICAL - 2023-05-22 13:43:26 --> Undefined index: regions
in APPPATH\Controllers\Home.php on line 78.
 1 APPPATH\Controllers\Home.php(78): CodeIgniter\Debug\Exceptions->errorHandler(8, 'Undefined index: regions', 'F:\\project\\xampp\\azure-ocr\\app\\Controllers\\Home.php', 78, [...])
 2 APPPATH\Controllers\Home.php(37): App\Controllers\Home->handle_response('{"error":{"code":"InvalidRequest","innererror":{"code":"InvalidImageFormat","message":"Input data is not a valid image."},"message":"Input data is not a valid image."}}')
 3 SYSTEMPATH\CodeIgniter.php(936): App\Controllers\Home->runOCR()
 4 SYSTEMPATH\CodeIgniter.php(499): CodeIgniter\CodeIgniter->runController(Object(App\Controllers\Home))
 5 SYSTEMPATH\CodeIgniter.php(368): CodeIgniter\CodeIgniter->handleRequest(null, Object(Config\Cache), false)
 6 FCPATH\index.php(69): CodeIgniter\CodeIgniter->run()
 7 SYSTEMPATH\Commands\Server\rewrite.php(47): require_once('F:\\project\\xampp\\azure-ocr\\public\\index.php')
CRITICAL - 2023-05-22 14:03:58 --> Undefined variable: fileName
in APPPATH\Controllers\Home.php on line 104.
 1 APPPATH\Controllers\Home.php(104): CodeIgniter\Debug\Exceptions->errorHandler(8, 'Undefined variable: fileName', 'F:\\project\\xampp\\azure-ocr\\app\\Controllers\\Home.php', 104, [...])
 2 APPPATH\Controllers\Home.php(27): App\Controllers\Home->handle_documnet('assets/upload/15841015011684764238.pdf')
 3 SYSTEMPATH\CodeIgniter.php(936): App\Controllers\Home->runOCR()
 4 SYSTEMPATH\CodeIgniter.php(499): CodeIgniter\CodeIgniter->runController(Object(App\Controllers\Home))
 5 SYSTEMPATH\CodeIgniter.php(368): CodeIgniter\CodeIgniter->handleRequest(null, Object(Config\Cache), false)
 6 FCPATH\index.php(69): CodeIgniter\CodeIgniter->run()
 7 SYSTEMPATH\Commands\Server\rewrite.php(47): require_once('F:\\project\\xampp\\azure-ocr\\public\\index.php')
CRITICAL - 2023-05-22 14:04:41 --> Illegal string offset 'analyzeResult'
in APPPATH\Controllers\Home.php on line 121.
 1 APPPATH\Controllers\Home.php(121): CodeIgniter\Debug\Exceptions->errorHandler(2, 'Illegal string offset \'analyzeResult\'', 'F:\\project\\xampp\\azure-ocr\\app\\Controllers\\Home.php', 121, [...])
 2 APPPATH\Controllers\Home.php(27): App\Controllers\Home->handle_documnet('assets/upload/14590766241684764273.pdf')
 3 SYSTEMPATH\CodeIgniter.php(936): App\Controllers\Home->runOCR()
 4 SYSTEMPATH\CodeIgniter.php(499): CodeIgniter\CodeIgniter->runController(Object(App\Controllers\Home))
 5 SYSTEMPATH\CodeIgniter.php(368): CodeIgniter\CodeIgniter->handleRequest(null, Object(Config\Cache), false)
 6 FCPATH\index.php(69): CodeIgniter\CodeIgniter->run()
 7 SYSTEMPATH\Commands\Server\rewrite.php(47): require_once('F:\\project\\xampp\\azure-ocr\\public\\index.php')
CRITICAL - 2023-05-22 14:05:32 --> Illegal string offset 'analyzeResult'
in APPPATH\Controllers\Home.php on line 122.
 1 APPPATH\Controllers\Home.php(122): CodeIgniter\Debug\Exceptions->errorHandler(2, 'Illegal string offset \'analyzeResult\'', 'F:\\project\\xampp\\azure-ocr\\app\\Controllers\\Home.php', 122, [...])
 2 APPPATH\Controllers\Home.php(27): App\Controllers\Home->handle_documnet('assets/upload/10259398491684764319.pdf')
 3 SYSTEMPATH\CodeIgniter.php(936): App\Controllers\Home->runOCR()
 4 SYSTEMPATH\CodeIgniter.php(499): CodeIgniter\CodeIgniter->runController(Object(App\Controllers\Home))
 5 SYSTEMPATH\CodeIgniter.php(368): CodeIgniter\CodeIgniter->handleRequest(null, Object(Config\Cache), false)
 6 FCPATH\index.php(69): CodeIgniter\CodeIgniter->run()
 7 SYSTEMPATH\Commands\Server\rewrite.php(47): require_once('F:\\project\\xampp\\azure-ocr\\public\\index.php')
CRITICAL - 2023-05-22 14:25:29 --> Array to string conversion
in APPPATH\Controllers\Home.php on line 79.
 1 APPPATH\Controllers\Home.php(79): CodeIgniter\Debug\Exceptions->errorHandler(8, 'Array to string conversion', 'F:\\project\\xampp\\azure-ocr\\app\\Controllers\\Home.php', 79, [...])
 2 SYSTEMPATH\CodeIgniter.php(936): App\Controllers\Home->runOCR()
 3 SYSTEMPATH\CodeIgniter.php(499): CodeIgniter\CodeIgniter->runController(Object(App\Controllers\Home))
 4 SYSTEMPATH\CodeIgniter.php(368): CodeIgniter\CodeIgniter->handleRequest(null, Object(Config\Cache), false)
 5 FCPATH\index.php(69): CodeIgniter\CodeIgniter->run()
 6 SYSTEMPATH\Commands\Server\rewrite.php(47): require_once('F:\\project\\xampp\\azure-ocr\\public\\index.php')
CRITICAL - 2023-05-22 16:27:08 --> Maximum execution time of 60 seconds exceeded
in VENDORPATH\pear\http_request2\HTTP\Request2\SocketWrapper.php on line 209.
 1 [internal function]: CodeIgniter\Debug\Exceptions->shutdownHandler()
CRITICAL - 2023-05-22 16:44:53 --> Unable to connect to tls://ocr-connexis.cognitiveservices.azure.com:443. Error: stream_socket_client(): unable to connect to tls://ocr-connexis.cognitiveservices.azure.com:443 (Unknown error)
stream_socket_client(): Failed to enable crypto
stream_socket_client(): SSL: Handshake timed out
in VENDORPATH\pear\http_request2\HTTP\Request2\SocketWrapper.php on line 135.
 1 VENDORPATH\pear\http_request2\HTTP\Request2\Adapter\Socket.php(328): HTTP_Request2_SocketWrapper->__construct('tls://ocr-connexis.cognitiveservices.azure.com:443', 10, [...])
 2 VENDORPATH\pear\http_request2\HTTP\Request2\Adapter\Socket.php(134): HTTP_Request2_Adapter_Socket->connect()
 3 VENDORPATH\pear\http_request2\HTTP\Request2.php(971): HTTP_Request2_Adapter_Socket->sendRequest(Object(HTTP_Request2))
 4 APPPATH\Controllers\Home.php(50): HTTP_Request2->send()
 5 SYSTEMPATH\CodeIgniter.php(936): App\Controllers\Home->runOCR()
 6 SYSTEMPATH\CodeIgniter.php(499): CodeIgniter\CodeIgniter->runController(Object(App\Controllers\Home))
 7 SYSTEMPATH\CodeIgniter.php(368): CodeIgniter\CodeIgniter->handleRequest(null, Object(Config\Cache), false)
 8 FCPATH\index.php(69): CodeIgniter\CodeIgniter->run()
 9 SYSTEMPATH\Commands\Server\rewrite.php(47): require_once('F:\\project\\xampp\\azure-ocr\\public\\index.php')
