CRITICAL - 2023-05-21 05:57:45 --> Cannot use object of type HTTP_Request2_Response as array
in APPPATH\Controllers\Home.php on line 73.
 1 SYSTEMPATH\CodeIgniter.php(936): App\Controllers\Home->runOCR()
 2 SYSTEMPATH\CodeIgniter.php(499): CodeIgniter\CodeIgniter->runController(Object(App\Controllers\Home))
 3 SYSTEMPATH\CodeIgniter.php(368): CodeIgniter\CodeIgniter->handleRequest(null, Object(Config\Cache), false)
 4 FCPATH\index.php(69): CodeIgniter\CodeIgniter->run()
 5 SYSTEMPATH\Commands\Server\rewrite.php(47): require_once('D:\\xampp\\htdocs\\azure-ocr\\public\\index.php')
CRITICAL - 2023-05-21 10:05:21 --> Class 'Locale' not found
in SYSTEMPATH\CodeIgniter.php on line 194.
 1 ROOTPATH\spark(83): CodeIgniter\CodeIgniter->initialize()
CRITICAL - 2023-05-21 10:06:05 --> Class 'Locale' not found
in SYSTEMPATH\CodeIgniter.php on line 194.
 1 ROOTPATH\spark(83): CodeIgniter\CodeIgniter->initialize()
CRITICAL - 2023-05-21 10:14:27 --> Class 'Locale' not found
in SYSTEMPATH\CodeIgniter.php on line 194.
 1 ROOTPATH\spark(83): CodeIgniter\CodeIgniter->initialize()
CRITICAL - 2023-05-21 10:05:00 --> Argument 2 passed to view() must be of the type array, string given, called in F:\project\xampp\azure-ocr\app\Controllers\Home.php on line 116
in SYSTEMPATH\Common.php on line 1172.
 1 APPPATH\Controllers\Home.php(116): view('index', '0')
 2 SYSTEMPATH\CodeIgniter.php(936): App\Controllers\Home->runOCR()
 3 SYSTEMPATH\CodeIgniter.php(499): CodeIgniter\CodeIgniter->runController(Object(App\Controllers\Home))
 4 SYSTEMPATH\CodeIgniter.php(368): CodeIgniter\CodeIgniter->handleRequest(null, Object(Config\Cache), false)
 5 FCPATH\index.php(69): CodeIgniter\CodeIgniter->run()
 6 SYSTEMPATH\Commands\Server\rewrite.php(47): require_once('F:\\project\\xampp\\azure-ocr\\public\\index.php')
CRITICAL - 2023-05-21 10:05:59 --> Argument 2 passed to view() must be of the type array, string given, called in F:\project\xampp\azure-ocr\app\Controllers\Home.php on line 116
in SYSTEMPATH\Common.php on line 1172.
 1 APPPATH\Controllers\Home.php(116): view('index', '0')
 2 SYSTEMPATH\CodeIgniter.php(936): App\Controllers\Home->runOCR()
 3 SYSTEMPATH\CodeIgniter.php(499): CodeIgniter\CodeIgniter->runController(Object(App\Controllers\Home))
 4 SYSTEMPATH\CodeIgniter.php(368): CodeIgniter\CodeIgniter->handleRequest(null, Object(Config\Cache), false)
 5 FCPATH\index.php(69): CodeIgniter\CodeIgniter->run()
 6 SYSTEMPATH\Commands\Server\rewrite.php(47): require_once('F:\\project\\xampp\\azure-ocr\\public\\index.php')
CRITICAL - 2023-05-21 10:16:49 --> Undefined variable: fileName
in APPPATH\Controllers\Home.php on line 119.
 1 APPPATH\Controllers\Home.php(119): CodeIgniter\Debug\Exceptions->errorHandler(8, 'Undefined variable: fileName', 'F:\\project\\xampp\\azure-ocr\\app\\Controllers\\Home.php', 119, [...])
 2 SYSTEMPATH\CodeIgniter.php(936): App\Controllers\Home->runOCR()
 3 SYSTEMPATH\CodeIgniter.php(499): CodeIgniter\CodeIgniter->runController(Object(App\Controllers\Home))
 4 SYSTEMPATH\CodeIgniter.php(368): CodeIgniter\CodeIgniter->handleRequest(null, Object(Config\Cache), false)
 5 FCPATH\index.php(69): CodeIgniter\CodeIgniter->run()
 6 SYSTEMPATH\Commands\Server\rewrite.php(47): require_once('F:\\project\\xampp\\azure-ocr\\public\\index.php')
CRITICAL - 2023-05-21 11:55:22 --> Array to string conversion
in VENDORPATH\pear\http_request2\HTTP\Request2.php on line 612.
 1 VENDORPATH\pear\http_request2\HTTP\Request2.php(612): CodeIgniter\Debug\Exceptions->errorHandler(8, 'Array to string conversion', 'F:\\project\\xampp\\azure-ocr\\vendor\\pear\\http_request2\\HTTP\\Request2.php', 612, [...])
 2 APPPATH\Controllers\Home.php(123): HTTP_Request2->setBody([...])
 3 SYSTEMPATH\CodeIgniter.php(936): App\Controllers\Home->runOCR()
 4 SYSTEMPATH\CodeIgniter.php(499): CodeIgniter\CodeIgniter->runController(Object(App\Controllers\Home))
 5 SYSTEMPATH\CodeIgniter.php(368): CodeIgniter\CodeIgniter->handleRequest(null, Object(Config\Cache), false)
 6 FCPATH\index.php(69): CodeIgniter\CodeIgniter->run()
 7 SYSTEMPATH\Commands\Server\rewrite.php(47): require_once('F:\\project\\xampp\\azure-ocr\\public\\index.php')
CRITICAL - 2023-05-21 11:56:41 --> Array to string conversion
in VENDORPATH\pear\http_request2\HTTP\Request2.php on line 612.
 1 VENDORPATH\pear\http_request2\HTTP\Request2.php(612): CodeIgniter\Debug\Exceptions->errorHandler(8, 'Array to string conversion', 'F:\\project\\xampp\\azure-ocr\\vendor\\pear\\http_request2\\HTTP\\Request2.php', 612, [...])
 2 APPPATH\Controllers\Home.php(123): HTTP_Request2->setBody([...])
 3 SYSTEMPATH\CodeIgniter.php(936): App\Controllers\Home->runOCR()
 4 SYSTEMPATH\CodeIgniter.php(499): CodeIgniter\CodeIgniter->runController(Object(App\Controllers\Home))
 5 SYSTEMPATH\CodeIgniter.php(368): CodeIgniter\CodeIgniter->handleRequest(null, Object(Config\Cache), false)
 6 FCPATH\index.php(69): CodeIgniter\CodeIgniter->run()
 7 SYSTEMPATH\Commands\Server\rewrite.php(47): require_once('F:\\project\\xampp\\azure-ocr\\public\\index.php')
CRITICAL - 2023-05-21 11:57:06 --> Array to string conversion
in VENDORPATH\pear\http_request2\HTTP\Request2.php on line 612.
 1 VENDORPATH\pear\http_request2\HTTP\Request2.php(612): CodeIgniter\Debug\Exceptions->errorHandler(8, 'Array to string conversion', 'F:\\project\\xampp\\azure-ocr\\vendor\\pear\\http_request2\\HTTP\\Request2.php', 612, [...])
 2 APPPATH\Controllers\Home.php(123): HTTP_Request2->setBody([...])
 3 SYSTEMPATH\CodeIgniter.php(936): App\Controllers\Home->runOCR()
 4 SYSTEMPATH\CodeIgniter.php(499): CodeIgniter\CodeIgniter->runController(Object(App\Controllers\Home))
 5 SYSTEMPATH\CodeIgniter.php(368): CodeIgniter\CodeIgniter->handleRequest(null, Object(Config\Cache), false)
 6 FCPATH\index.php(69): CodeIgniter\CodeIgniter->run()
 7 SYSTEMPATH\Commands\Server\rewrite.php(47): require_once('F:\\project\\xampp\\azure-ocr\\public\\index.php')
CRITICAL - 2023-05-21 11:57:51 --> Array to string conversion
in VENDORPATH\pear\http_request2\HTTP\Request2.php on line 612.
 1 VENDORPATH\pear\http_request2\HTTP\Request2.php(612): CodeIgniter\Debug\Exceptions->errorHandler(8, 'Array to string conversion', 'F:\\project\\xampp\\azure-ocr\\vendor\\pear\\http_request2\\HTTP\\Request2.php', 612, [...])
 2 APPPATH\Controllers\Home.php(123): HTTP_Request2->setBody([...])
 3 SYSTEMPATH\CodeIgniter.php(936): App\Controllers\Home->runOCR()
 4 SYSTEMPATH\CodeIgniter.php(499): CodeIgniter\CodeIgniter->runController(Object(App\Controllers\Home))
 5 SYSTEMPATH\CodeIgniter.php(368): CodeIgniter\CodeIgniter->handleRequest(null, Object(Config\Cache), false)
 6 FCPATH\index.php(69): CodeIgniter\CodeIgniter->run()
 7 SYSTEMPATH\Commands\Server\rewrite.php(47): require_once('F:\\project\\xampp\\azure-ocr\\public\\index.php')
CRITICAL - 2023-05-21 11:59:17 --> Array to string conversion
in VENDORPATH\pear\http_request2\HTTP\Request2.php on line 612.
 1 VENDORPATH\pear\http_request2\HTTP\Request2.php(612): CodeIgniter\Debug\Exceptions->errorHandler(8, 'Array to string conversion', 'F:\\project\\xampp\\azure-ocr\\vendor\\pear\\http_request2\\HTTP\\Request2.php', 612, [...])
 2 APPPATH\Controllers\Home.php(123): HTTP_Request2->setBody([...])
 3 SYSTEMPATH\CodeIgniter.php(936): App\Controllers\Home->runOCR()
 4 SYSTEMPATH\CodeIgniter.php(499): CodeIgniter\CodeIgniter->runController(Object(App\Controllers\Home))
 5 SYSTEMPATH\CodeIgniter.php(368): CodeIgniter\CodeIgniter->handleRequest(null, Object(Config\Cache), false)
 6 FCPATH\index.php(69): CodeIgniter\CodeIgniter->run()
 7 SYSTEMPATH\Commands\Server\rewrite.php(47): require_once('F:\\project\\xampp\\azure-ocr\\public\\index.php')
CRITICAL - 2023-05-21 12:00:05 --> Array to string conversion
in VENDORPATH\pear\http_request2\HTTP\Request2.php on line 612.
 1 VENDORPATH\pear\http_request2\HTTP\Request2.php(612): CodeIgniter\Debug\Exceptions->errorHandler(8, 'Array to string conversion', 'F:\\project\\xampp\\azure-ocr\\vendor\\pear\\http_request2\\HTTP\\Request2.php', 612, [...])
 2 APPPATH\Controllers\Home.php(125): HTTP_Request2->setBody([...])
 3 SYSTEMPATH\CodeIgniter.php(936): App\Controllers\Home->runOCR()
 4 SYSTEMPATH\CodeIgniter.php(499): CodeIgniter\CodeIgniter->runController(Object(App\Controllers\Home))
 5 SYSTEMPATH\CodeIgniter.php(368): CodeIgniter\CodeIgniter->handleRequest(null, Object(Config\Cache), false)
 6 FCPATH\index.php(69): CodeIgniter\CodeIgniter->run()
 7 SYSTEMPATH\Commands\Server\rewrite.php(47): require_once('F:\\project\\xampp\\azure-ocr\\public\\index.php')
CRITICAL - 2023-05-21 12:02:17 --> Undefined variable: request_body
in APPPATH\Controllers\Home.php on line 125.
 1 APPPATH\Controllers\Home.php(125): CodeIgniter\Debug\Exceptions->errorHandler(8, 'Undefined variable: request_body', 'F:\\project\\xampp\\azure-ocr\\app\\Controllers\\Home.php', 125, [...])
 2 SYSTEMPATH\CodeIgniter.php(936): App\Controllers\Home->runOCR()
 3 SYSTEMPATH\CodeIgniter.php(499): CodeIgniter\CodeIgniter->runController(Object(App\Controllers\Home))
 4 SYSTEMPATH\CodeIgniter.php(368): CodeIgniter\CodeIgniter->handleRequest(null, Object(Config\Cache), false)
 5 FCPATH\index.php(69): CodeIgniter\CodeIgniter->run()
 6 SYSTEMPATH\Commands\Server\rewrite.php(47): require_once('F:\\project\\xampp\\azure-ocr\\public\\index.php')
CRITICAL - 2023-05-21 12:04:08 --> Array to string conversion
in VENDORPATH\pear\http_request2\HTTP\Request2.php on line 612.
 1 VENDORPATH\pear\http_request2\HTTP\Request2.php(612): CodeIgniter\Debug\Exceptions->errorHandler(8, 'Array to string conversion', 'F:\\project\\xampp\\azure-ocr\\vendor\\pear\\http_request2\\HTTP\\Request2.php', 612, [...])
 2 APPPATH\Controllers\Home.php(123): HTTP_Request2->setBody([...])
 3 SYSTEMPATH\CodeIgniter.php(936): App\Controllers\Home->runOCR()
 4 SYSTEMPATH\CodeIgniter.php(499): CodeIgniter\CodeIgniter->runController(Object(App\Controllers\Home))
 5 SYSTEMPATH\CodeIgniter.php(368): CodeIgniter\CodeIgniter->handleRequest(null, Object(Config\Cache), false)
 6 FCPATH\index.php(69): CodeIgniter\CodeIgniter->run()
 7 SYSTEMPATH\Commands\Server\rewrite.php(47): require_once('F:\\project\\xampp\\azure-ocr\\public\\index.php')
CRITICAL - 2023-05-21 13:18:01 --> Call to a member function getHeader() on string
in APPPATH\Controllers\Home.php on line 131.
 1 SYSTEMPATH\CodeIgniter.php(936): App\Controllers\Home->runOCR()
 2 SYSTEMPATH\CodeIgniter.php(499): CodeIgniter\CodeIgniter->runController(Object(App\Controllers\Home))
 3 SYSTEMPATH\CodeIgniter.php(368): CodeIgniter\CodeIgniter->handleRequest(null, Object(Config\Cache), false)
 4 FCPATH\index.php(69): CodeIgniter\CodeIgniter->run()
 5 SYSTEMPATH\Commands\Server\rewrite.php(47): require_once('F:\\project\\xampp\\azure-ocr\\public\\index.php')
CRITICAL - 2023-05-21 13:25:38 --> Undefined variable: result
in APPPATH\Controllers\Home.php on line 143.
 1 APPPATH\Controllers\Home.php(143): CodeIgniter\Debug\Exceptions->errorHandler(8, 'Undefined variable: result', 'F:\\project\\xampp\\azure-ocr\\app\\Controllers\\Home.php', 143, [...])
 2 SYSTEMPATH\CodeIgniter.php(936): App\Controllers\Home->runOCR()
 3 SYSTEMPATH\CodeIgniter.php(499): CodeIgniter\CodeIgniter->runController(Object(App\Controllers\Home))
 4 SYSTEMPATH\CodeIgniter.php(368): CodeIgniter\CodeIgniter->handleRequest(null, Object(Config\Cache), false)
 5 FCPATH\index.php(69): CodeIgniter\CodeIgniter->run()
 6 SYSTEMPATH\Commands\Server\rewrite.php(47): require_once('F:\\project\\xampp\\azure-ocr\\public\\index.php')
CRITICAL - 2023-05-21 13:27:12 --> Array to string conversion
in APPPATH\Controllers\Home.php on line 131.
 1 APPPATH\Controllers\Home.php(131): CodeIgniter\Debug\Exceptions->errorHandler(8, 'Array to string conversion', 'F:\\project\\xampp\\azure-ocr\\app\\Controllers\\Home.php', 131, [...])
 2 SYSTEMPATH\CodeIgniter.php(936): App\Controllers\Home->runOCR()
 3 SYSTEMPATH\CodeIgniter.php(499): CodeIgniter\CodeIgniter->runController(Object(App\Controllers\Home))
 4 SYSTEMPATH\CodeIgniter.php(368): CodeIgniter\CodeIgniter->handleRequest(null, Object(Config\Cache), false)
 5 FCPATH\index.php(69): CodeIgniter\CodeIgniter->run()
 6 SYSTEMPATH\Commands\Server\rewrite.php(47): require_once('F:\\project\\xampp\\azure-ocr\\public\\index.php')
CRITICAL - 2023-05-21 13:28:01 --> Array to string conversion
in APPPATH\Controllers\Home.php on line 131.
 1 APPPATH\Controllers\Home.php(131): CodeIgniter\Debug\Exceptions->errorHandler(8, 'Array to string conversion', 'F:\\project\\xampp\\azure-ocr\\app\\Controllers\\Home.php', 131, [...])
 2 SYSTEMPATH\CodeIgniter.php(936): App\Controllers\Home->runOCR()
 3 SYSTEMPATH\CodeIgniter.php(499): CodeIgniter\CodeIgniter->runController(Object(App\Controllers\Home))
 4 SYSTEMPATH\CodeIgniter.php(368): CodeIgniter\CodeIgniter->handleRequest(null, Object(Config\Cache), false)
 5 FCPATH\index.php(69): CodeIgniter\CodeIgniter->run()
 6 SYSTEMPATH\Commands\Server\rewrite.php(47): require_once('F:\\project\\xampp\\azure-ocr\\public\\index.php')
CRITICAL - 2023-05-21 13:29:05 --> Array to string conversion
in APPPATH\Controllers\Home.php on line 130.
 1 APPPATH\Controllers\Home.php(130): CodeIgniter\Debug\Exceptions->errorHandler(8, 'Array to string conversion', 'F:\\project\\xampp\\azure-ocr\\app\\Controllers\\Home.php', 130, [...])
 2 SYSTEMPATH\CodeIgniter.php(936): App\Controllers\Home->runOCR()
 3 SYSTEMPATH\CodeIgniter.php(499): CodeIgniter\CodeIgniter->runController(Object(App\Controllers\Home))
 4 SYSTEMPATH\CodeIgniter.php(368): CodeIgniter\CodeIgniter->handleRequest(null, Object(Config\Cache), false)
 5 FCPATH\index.php(69): CodeIgniter\CodeIgniter->run()
 6 SYSTEMPATH\Commands\Server\rewrite.php(47): require_once('F:\\project\\xampp\\azure-ocr\\public\\index.php')
CRITICAL - 2023-05-21 13:29:47 --> Undefined variable: result
in APPPATH\Controllers\Home.php on line 143.
 1 APPPATH\Controllers\Home.php(143): CodeIgniter\Debug\Exceptions->errorHandler(8, 'Undefined variable: result', 'F:\\project\\xampp\\azure-ocr\\app\\Controllers\\Home.php', 143, [...])
 2 SYSTEMPATH\CodeIgniter.php(936): App\Controllers\Home->runOCR()
 3 SYSTEMPATH\CodeIgniter.php(499): CodeIgniter\CodeIgniter->runController(Object(App\Controllers\Home))
 4 SYSTEMPATH\CodeIgniter.php(368): CodeIgniter\CodeIgniter->handleRequest(null, Object(Config\Cache), false)
 5 FCPATH\index.php(69): CodeIgniter\CodeIgniter->run()
 6 SYSTEMPATH\Commands\Server\rewrite.php(47): require_once('F:\\project\\xampp\\azure-ocr\\public\\index.php')
CRITICAL - 2023-05-21 13:49:29 --> Illegal string offset 'regions'
in APPPATH\Controllers\Home.php on line 136.
 1 APPPATH\Controllers\Home.php(136): CodeIgniter\Debug\Exceptions->errorHandler(2, 'Illegal string offset \'regions\'', 'F:\\project\\xampp\\azure-ocr\\app\\Controllers\\Home.php', 136, [...])
 2 SYSTEMPATH\CodeIgniter.php(936): App\Controllers\Home->runOCR()
 3 SYSTEMPATH\CodeIgniter.php(499): CodeIgniter\CodeIgniter->runController(Object(App\Controllers\Home))
 4 SYSTEMPATH\CodeIgniter.php(368): CodeIgniter\CodeIgniter->handleRequest(null, Object(Config\Cache), false)
 5 FCPATH\index.php(69): CodeIgniter\CodeIgniter->run()
 6 SYSTEMPATH\Commands\Server\rewrite.php(47): require_once('F:\\project\\xampp\\azure-ocr\\public\\index.php')
CRITICAL - 2023-05-21 13:50:24 --> Undefined variable: gettype
in APPPATH\Controllers\Home.php on line 137.
 1 APPPATH\Controllers\Home.php(137): CodeIgniter\Debug\Exceptions->errorHandler(8, 'Undefined variable: gettype', 'F:\\project\\xampp\\azure-ocr\\app\\Controllers\\Home.php', 137, [...])
 2 SYSTEMPATH\CodeIgniter.php(936): App\Controllers\Home->runOCR()
 3 SYSTEMPATH\CodeIgniter.php(499): CodeIgniter\CodeIgniter->runController(Object(App\Controllers\Home))
 4 SYSTEMPATH\CodeIgniter.php(368): CodeIgniter\CodeIgniter->handleRequest(null, Object(Config\Cache), false)
 5 FCPATH\index.php(69): CodeIgniter\CodeIgniter->run()
 6 SYSTEMPATH\Commands\Server\rewrite.php(47): require_once('F:\\project\\xampp\\azure-ocr\\public\\index.php')
CRITICAL - 2023-05-21 13:50:51 --> Undefined variable: fields
in APPPATH\Controllers\Home.php on line 138.
 1 APPPATH\Controllers\Home.php(138): CodeIgniter\Debug\Exceptions->errorHandler(8, 'Undefined variable: fields', 'F:\\project\\xampp\\azure-ocr\\app\\Controllers\\Home.php', 138, [...])
 2 SYSTEMPATH\CodeIgniter.php(936): App\Controllers\Home->runOCR()
 3 SYSTEMPATH\CodeIgniter.php(499): CodeIgniter\CodeIgniter->runController(Object(App\Controllers\Home))
 4 SYSTEMPATH\CodeIgniter.php(368): CodeIgniter\CodeIgniter->handleRequest(null, Object(Config\Cache), false)
 5 FCPATH\index.php(69): CodeIgniter\CodeIgniter->run()
 6 SYSTEMPATH\Commands\Server\rewrite.php(47): require_once('F:\\project\\xampp\\azure-ocr\\public\\index.php')
CRITICAL - 2023-05-21 13:52:47 --> Illegal string offset 'regions'
in APPPATH\Controllers\Home.php on line 136.
 1 APPPATH\Controllers\Home.php(136): CodeIgniter\Debug\Exceptions->errorHandler(2, 'Illegal string offset \'regions\'', 'F:\\project\\xampp\\azure-ocr\\app\\Controllers\\Home.php', 136, [...])
 2 SYSTEMPATH\CodeIgniter.php(936): App\Controllers\Home->runOCR()
 3 SYSTEMPATH\CodeIgniter.php(499): CodeIgniter\CodeIgniter->runController(Object(App\Controllers\Home))
 4 SYSTEMPATH\CodeIgniter.php(368): CodeIgniter\CodeIgniter->handleRequest(null, Object(Config\Cache), false)
 5 FCPATH\index.php(69): CodeIgniter\CodeIgniter->run()
 6 SYSTEMPATH\Commands\Server\rewrite.php(47): require_once('F:\\project\\xampp\\azure-ocr\\public\\index.php')
CRITICAL - 2023-05-21 13:54:54 --> Cannot use object of type stdClass as array
in APPPATH\Controllers\Home.php on line 137.
 1 SYSTEMPATH\CodeIgniter.php(936): App\Controllers\Home->runOCR()
 2 SYSTEMPATH\CodeIgniter.php(499): CodeIgniter\CodeIgniter->runController(Object(App\Controllers\Home))
 3 SYSTEMPATH\CodeIgniter.php(368): CodeIgniter\CodeIgniter->handleRequest(null, Object(Config\Cache), false)
 4 FCPATH\index.php(69): CodeIgniter\CodeIgniter->run()
 5 SYSTEMPATH\Commands\Server\rewrite.php(47): require_once('F:\\project\\xampp\\azure-ocr\\public\\index.php')
CRITICAL - 2023-05-21 13:55:17 --> Cannot use object of type stdClass as array
in APPPATH\Controllers\Home.php on line 137.
 1 SYSTEMPATH\CodeIgniter.php(936): App\Controllers\Home->runOCR()
 2 SYSTEMPATH\CodeIgniter.php(499): CodeIgniter\CodeIgniter->runController(Object(App\Controllers\Home))
 3 SYSTEMPATH\CodeIgniter.php(368): CodeIgniter\CodeIgniter->handleRequest(null, Object(Config\Cache), false)
 4 FCPATH\index.php(69): CodeIgniter\CodeIgniter->run()
 5 SYSTEMPATH\Commands\Server\rewrite.php(47): require_once('F:\\project\\xampp\\azure-ocr\\public\\index.php')
CRITICAL - 2023-05-21 13:57:26 --> Object of class stdClass could not be converted to string
in APPPATH\Controllers\Home.php on line 137.
 1 SYSTEMPATH\CodeIgniter.php(936): App\Controllers\Home->runOCR()
 2 SYSTEMPATH\CodeIgniter.php(499): CodeIgniter\CodeIgniter->runController(Object(App\Controllers\Home))
 3 SYSTEMPATH\CodeIgniter.php(368): CodeIgniter\CodeIgniter->handleRequest(null, Object(Config\Cache), false)
 4 FCPATH\index.php(69): CodeIgniter\CodeIgniter->run()
 5 SYSTEMPATH\Commands\Server\rewrite.php(47): require_once('F:\\project\\xampp\\azure-ocr\\public\\index.php')
CRITICAL - 2023-05-21 13:57:45 --> Array to string conversion
in APPPATH\Controllers\Home.php on line 137.
 1 APPPATH\Controllers\Home.php(137): CodeIgniter\Debug\Exceptions->errorHandler(8, 'Array to string conversion', 'F:\\project\\xampp\\azure-ocr\\app\\Controllers\\Home.php', 137, [...])
 2 SYSTEMPATH\CodeIgniter.php(936): App\Controllers\Home->runOCR()
 3 SYSTEMPATH\CodeIgniter.php(499): CodeIgniter\CodeIgniter->runController(Object(App\Controllers\Home))
 4 SYSTEMPATH\CodeIgniter.php(368): CodeIgniter\CodeIgniter->handleRequest(null, Object(Config\Cache), false)
 5 FCPATH\index.php(69): CodeIgniter\CodeIgniter->run()
 6 SYSTEMPATH\Commands\Server\rewrite.php(47): require_once('F:\\project\\xampp\\azure-ocr\\public\\index.php')
CRITICAL - 2023-05-21 13:59:03 --> Cannot use object of type stdClass as array
in APPPATH\Controllers\Home.php on line 144.
 1 SYSTEMPATH\CodeIgniter.php(936): App\Controllers\Home->runOCR()
 2 SYSTEMPATH\CodeIgniter.php(499): CodeIgniter\CodeIgniter->runController(Object(App\Controllers\Home))
 3 SYSTEMPATH\CodeIgniter.php(368): CodeIgniter\CodeIgniter->handleRequest(null, Object(Config\Cache), false)
 4 FCPATH\index.php(69): CodeIgniter\CodeIgniter->run()
 5 SYSTEMPATH\Commands\Server\rewrite.php(47): require_once('F:\\project\\xampp\\azure-ocr\\public\\index.php')
CRITICAL - 2023-05-21 13:59:36 --> Cannot use object of type stdClass as array
in APPPATH\Controllers\Home.php on line 140.
 1 SYSTEMPATH\CodeIgniter.php(936): App\Controllers\Home->runOCR()
 2 SYSTEMPATH\CodeIgniter.php(499): CodeIgniter\CodeIgniter->runController(Object(App\Controllers\Home))
 3 SYSTEMPATH\CodeIgniter.php(368): CodeIgniter\CodeIgniter->handleRequest(null, Object(Config\Cache), false)
 4 FCPATH\index.php(69): CodeIgniter\CodeIgniter->run()
 5 SYSTEMPATH\Commands\Server\rewrite.php(47): require_once('F:\\project\\xampp\\azure-ocr\\public\\index.php')
CRITICAL - 2023-05-21 14:00:08 --> Cannot use object of type stdClass as array
in APPPATH\Controllers\Home.php on line 144.
 1 SYSTEMPATH\CodeIgniter.php(936): App\Controllers\Home->runOCR()
 2 SYSTEMPATH\CodeIgniter.php(499): CodeIgniter\CodeIgniter->runController(Object(App\Controllers\Home))
 3 SYSTEMPATH\CodeIgniter.php(368): CodeIgniter\CodeIgniter->handleRequest(null, Object(Config\Cache), false)
 4 FCPATH\index.php(69): CodeIgniter\CodeIgniter->run()
 5 SYSTEMPATH\Commands\Server\rewrite.php(47): require_once('F:\\project\\xampp\\azure-ocr\\public\\index.php')
CRITICAL - 2023-05-21 14:00:32 --> Object of class stdClass could not be converted to string
in APPPATH\Controllers\Home.php on line 140.
 1 SYSTEMPATH\CodeIgniter.php(936): App\Controllers\Home->runOCR()
 2 SYSTEMPATH\CodeIgniter.php(499): CodeIgniter\CodeIgniter->runController(Object(App\Controllers\Home))
 3 SYSTEMPATH\CodeIgniter.php(368): CodeIgniter\CodeIgniter->handleRequest(null, Object(Config\Cache), false)
 4 FCPATH\index.php(69): CodeIgniter\CodeIgniter->run()
 5 SYSTEMPATH\Commands\Server\rewrite.php(47): require_once('F:\\project\\xampp\\azure-ocr\\public\\index.php')
CRITICAL - 2023-05-21 14:02:38 --> Array to string conversion
in APPPATH\Controllers\Home.php on line 140.
 1 APPPATH\Controllers\Home.php(140): CodeIgniter\Debug\Exceptions->errorHandler(8, 'Array to string conversion', 'F:\\project\\xampp\\azure-ocr\\app\\Controllers\\Home.php', 140, [...])
 2 SYSTEMPATH\CodeIgniter.php(936): App\Controllers\Home->runOCR()
 3 SYSTEMPATH\CodeIgniter.php(499): CodeIgniter\CodeIgniter->runController(Object(App\Controllers\Home))
 4 SYSTEMPATH\CodeIgniter.php(368): CodeIgniter\CodeIgniter->handleRequest(null, Object(Config\Cache), false)
 5 FCPATH\index.php(69): CodeIgniter\CodeIgniter->run()
 6 SYSTEMPATH\Commands\Server\rewrite.php(47): require_once('F:\\project\\xampp\\azure-ocr\\public\\index.php')
CRITICAL - 2023-05-21 14:04:47 --> Cannot use object of type stdClass as array
in APPPATH\Controllers\Home.php on line 140.
 1 SYSTEMPATH\CodeIgniter.php(936): App\Controllers\Home->runOCR()
 2 SYSTEMPATH\CodeIgniter.php(499): CodeIgniter\CodeIgniter->runController(Object(App\Controllers\Home))
 3 SYSTEMPATH\CodeIgniter.php(368): CodeIgniter\CodeIgniter->handleRequest(null, Object(Config\Cache), false)
 4 FCPATH\index.php(69): CodeIgniter\CodeIgniter->run()
 5 SYSTEMPATH\Commands\Server\rewrite.php(47): require_once('F:\\project\\xampp\\azure-ocr\\public\\index.php')
CRITICAL - 2023-05-21 14:06:41 --> Call to undefined function App\Controllers\len()
in APPPATH\Controllers\Home.php on line 138.
 1 SYSTEMPATH\CodeIgniter.php(936): App\Controllers\Home->runOCR()
 2 SYSTEMPATH\CodeIgniter.php(499): CodeIgniter\CodeIgniter->runController(Object(App\Controllers\Home))
 3 SYSTEMPATH\CodeIgniter.php(368): CodeIgniter\CodeIgniter->handleRequest(null, Object(Config\Cache), false)
 4 FCPATH\index.php(69): CodeIgniter\CodeIgniter->run()
 5 SYSTEMPATH\Commands\Server\rewrite.php(47): require_once('F:\\project\\xampp\\azure-ocr\\public\\index.php')
CRITICAL - 2023-05-21 14:07:26 --> Array to string conversion
in APPPATH\Controllers\Home.php on line 138.
 1 APPPATH\Controllers\Home.php(138): CodeIgniter\Debug\Exceptions->errorHandler(8, 'Array to string conversion', 'F:\\project\\xampp\\azure-ocr\\app\\Controllers\\Home.php', 138, [...])
 2 SYSTEMPATH\CodeIgniter.php(936): App\Controllers\Home->runOCR()
 3 SYSTEMPATH\CodeIgniter.php(499): CodeIgniter\CodeIgniter->runController(Object(App\Controllers\Home))
 4 SYSTEMPATH\CodeIgniter.php(368): CodeIgniter\CodeIgniter->handleRequest(null, Object(Config\Cache), false)
 5 FCPATH\index.php(69): CodeIgniter\CodeIgniter->run()
 6 SYSTEMPATH\Commands\Server\rewrite.php(47): require_once('F:\\project\\xampp\\azure-ocr\\public\\index.php')
CRITICAL - 2023-05-21 14:10:25 --> Call to undefined function App\Controllers\len()
in APPPATH\Controllers\Home.php on line 138.
 1 SYSTEMPATH\CodeIgniter.php(936): App\Controllers\Home->runOCR()
 2 SYSTEMPATH\CodeIgniter.php(499): CodeIgniter\CodeIgniter->runController(Object(App\Controllers\Home))
 3 SYSTEMPATH\CodeIgniter.php(368): CodeIgniter\CodeIgniter->handleRequest(null, Object(Config\Cache), false)
 4 FCPATH\index.php(69): CodeIgniter\CodeIgniter->run()
 5 SYSTEMPATH\Commands\Server\rewrite.php(47): require_once('F:\\project\\xampp\\azure-ocr\\public\\index.php')
CRITICAL - 2023-05-21 14:16:43 --> Array to string conversion
in APPPATH\Controllers\Home.php on line 142.
 1 APPPATH\Controllers\Home.php(142): CodeIgniter\Debug\Exceptions->errorHandler(8, 'Array to string conversion', 'F:\\project\\xampp\\azure-ocr\\app\\Controllers\\Home.php', 142, [...])
 2 SYSTEMPATH\CodeIgniter.php(936): App\Controllers\Home->runOCR()
 3 SYSTEMPATH\CodeIgniter.php(499): CodeIgniter\CodeIgniter->runController(Object(App\Controllers\Home))
 4 SYSTEMPATH\CodeIgniter.php(368): CodeIgniter\CodeIgniter->handleRequest(null, Object(Config\Cache), false)
 5 FCPATH\index.php(69): CodeIgniter\CodeIgniter->run()
 6 SYSTEMPATH\Commands\Server\rewrite.php(47): require_once('F:\\project\\xampp\\azure-ocr\\public\\index.php')
CRITICAL - 2023-05-21 14:20:24 --> Call to undefined function App\Controllers\len()
in APPPATH\Controllers\Home.php on line 138.
 1 SYSTEMPATH\CodeIgniter.php(936): App\Controllers\Home->runOCR()
 2 SYSTEMPATH\CodeIgniter.php(499): CodeIgniter\CodeIgniter->runController(Object(App\Controllers\Home))
 3 SYSTEMPATH\CodeIgniter.php(368): CodeIgniter\CodeIgniter->handleRequest(null, Object(Config\Cache), false)
 4 FCPATH\index.php(69): CodeIgniter\CodeIgniter->run()
 5 SYSTEMPATH\Commands\Server\rewrite.php(47): require_once('F:\\project\\xampp\\azure-ocr\\public\\index.php')
CRITICAL - 2023-05-21 14:21:04 --> Undefined variable: line
in APPPATH\Controllers\Home.php on line 138.
 1 APPPATH\Controllers\Home.php(138): CodeIgniter\Debug\Exceptions->errorHandler(8, 'Undefined variable: line', 'F:\\project\\xampp\\azure-ocr\\app\\Controllers\\Home.php', 138, [...])
 2 SYSTEMPATH\CodeIgniter.php(936): App\Controllers\Home->runOCR()
 3 SYSTEMPATH\CodeIgniter.php(499): CodeIgniter\CodeIgniter->runController(Object(App\Controllers\Home))
 4 SYSTEMPATH\CodeIgniter.php(368): CodeIgniter\CodeIgniter->handleRequest(null, Object(Config\Cache), false)
 5 FCPATH\index.php(69): CodeIgniter\CodeIgniter->run()
 6 SYSTEMPATH\Commands\Server\rewrite.php(47): require_once('F:\\project\\xampp\\azure-ocr\\public\\index.php')
CRITICAL - 2023-05-21 15:10:42 --> Undefined index: regions
in APPPATH\Controllers\Home.php on line 138.
 1 APPPATH\Controllers\Home.php(138): CodeIgniter\Debug\Exceptions->errorHandler(8, 'Undefined index: regions', 'F:\\project\\xampp\\azure-ocr\\app\\Controllers\\Home.php', 138, [...])
 2 SYSTEMPATH\CodeIgniter.php(936): App\Controllers\Home->runOCR()
 3 SYSTEMPATH\CodeIgniter.php(499): CodeIgniter\CodeIgniter->runController(Object(App\Controllers\Home))
 4 SYSTEMPATH\CodeIgniter.php(368): CodeIgniter\CodeIgniter->handleRequest(null, Object(Config\Cache), false)
 5 FCPATH\index.php(69): CodeIgniter\CodeIgniter->run()
 6 SYSTEMPATH\Commands\Server\rewrite.php(47): require_once('F:\\project\\xampp\\azure-ocr\\public\\index.php')
CRITICAL - 2023-05-21 15:21:47 --> Undefined index: regions
in APPPATH\Controllers\Home.php on line 138.
 1 APPPATH\Controllers\Home.php(138): CodeIgniter\Debug\Exceptions->errorHandler(8, 'Undefined index: regions', 'F:\\project\\xampp\\azure-ocr\\app\\Controllers\\Home.php', 138, [...])
 2 SYSTEMPATH\CodeIgniter.php(936): App\Controllers\Home->runOCR()
 3 SYSTEMPATH\CodeIgniter.php(499): CodeIgniter\CodeIgniter->runController(Object(App\Controllers\Home))
 4 SYSTEMPATH\CodeIgniter.php(368): CodeIgniter\CodeIgniter->handleRequest(null, Object(Config\Cache), false)
 5 FCPATH\index.php(69): CodeIgniter\CodeIgniter->run()
 6 SYSTEMPATH\Commands\Server\rewrite.php(47): require_once('F:\\project\\xampp\\azure-ocr\\public\\index.php')
CRITICAL - 2023-05-21 15:58:19 --> Undefined index: regions
in APPPATH\Controllers\Home.php on line 138.
 1 APPPATH\Controllers\Home.php(138): CodeIgniter\Debug\Exceptions->errorHandler(8, 'Undefined index: regions', 'F:\\project\\xampp\\azure-ocr\\app\\Controllers\\Home.php', 138, [...])
 2 SYSTEMPATH\CodeIgniter.php(936): App\Controllers\Home->runOCR()
 3 SYSTEMPATH\CodeIgniter.php(499): CodeIgniter\CodeIgniter->runController(Object(App\Controllers\Home))
 4 SYSTEMPATH\CodeIgniter.php(368): CodeIgniter\CodeIgniter->handleRequest(null, Object(Config\Cache), false)
 5 FCPATH\index.php(69): CodeIgniter\CodeIgniter->run()
 6 SYSTEMPATH\Commands\Server\rewrite.php(47): require_once('F:\\project\\xampp\\azure-ocr\\public\\index.php')
CRITICAL - 2023-05-21 16:20:55 --> Illegal string offset 'text'
in APPPATH\Controllers\Home.php on line 149.
 1 APPPATH\Controllers\Home.php(149): CodeIgniter\Debug\Exceptions->errorHandler(2, 'Illegal string offset \'text\'', 'F:\\project\\xampp\\azure-ocr\\app\\Controllers\\Home.php', 149, [...])
 2 SYSTEMPATH\CodeIgniter.php(936): App\Controllers\Home->runOCR()
 3 SYSTEMPATH\CodeIgniter.php(499): CodeIgniter\CodeIgniter->runController(Object(App\Controllers\Home))
 4 SYSTEMPATH\CodeIgniter.php(368): CodeIgniter\CodeIgniter->handleRequest(null, Object(Config\Cache), false)
 5 FCPATH\index.php(69): CodeIgniter\CodeIgniter->run()
 6 SYSTEMPATH\Commands\Server\rewrite.php(47): require_once('F:\\project\\xampp\\azure-ocr\\public\\index.php')
CRITICAL - 2023-05-21 16:24:14 --> Illegal string offset 'text'
in APPPATH\Controllers\Home.php on line 149.
 1 APPPATH\Controllers\Home.php(149): CodeIgniter\Debug\Exceptions->errorHandler(2, 'Illegal string offset \'text\'', 'F:\\project\\xampp\\azure-ocr\\app\\Controllers\\Home.php', 149, [...])
 2 SYSTEMPATH\CodeIgniter.php(936): App\Controllers\Home->runOCR()
 3 SYSTEMPATH\CodeIgniter.php(499): CodeIgniter\CodeIgniter->runController(Object(App\Controllers\Home))
 4 SYSTEMPATH\CodeIgniter.php(368): CodeIgniter\CodeIgniter->handleRequest(null, Object(Config\Cache), false)
 5 FCPATH\index.php(69): CodeIgniter\CodeIgniter->run()
 6 SYSTEMPATH\Commands\Server\rewrite.php(47): require_once('F:\\project\\xampp\\azure-ocr\\public\\index.php')
CRITICAL - 2023-05-21 16:29:17 --> Illegal string offset 'text'
in APPPATH\Controllers\Home.php on line 151.
 1 APPPATH\Controllers\Home.php(151): CodeIgniter\Debug\Exceptions->errorHandler(2, 'Illegal string offset \'text\'', 'F:\\project\\xampp\\azure-ocr\\app\\Controllers\\Home.php', 151, [...])
 2 SYSTEMPATH\CodeIgniter.php(936): App\Controllers\Home->runOCR()
 3 SYSTEMPATH\CodeIgniter.php(499): CodeIgniter\CodeIgniter->runController(Object(App\Controllers\Home))
 4 SYSTEMPATH\CodeIgniter.php(368): CodeIgniter\CodeIgniter->handleRequest(null, Object(Config\Cache), false)
 5 FCPATH\index.php(69): CodeIgniter\CodeIgniter->run()
 6 SYSTEMPATH\Commands\Server\rewrite.php(47): require_once('F:\\project\\xampp\\azure-ocr\\public\\index.php')
CRITICAL - 2023-05-21 16:30:28 --> Illegal string offset 'result'
in APPPATH\Controllers\Home.php on line 151.
 1 APPPATH\Controllers\Home.php(151): CodeIgniter\Debug\Exceptions->errorHandler(2, 'Illegal string offset \'result\'', 'F:\\project\\xampp\\azure-ocr\\app\\Controllers\\Home.php', 151, [...])
 2 SYSTEMPATH\CodeIgniter.php(936): App\Controllers\Home->runOCR()
 3 SYSTEMPATH\CodeIgniter.php(499): CodeIgniter\CodeIgniter->runController(Object(App\Controllers\Home))
 4 SYSTEMPATH\CodeIgniter.php(368): CodeIgniter\CodeIgniter->handleRequest(null, Object(Config\Cache), false)
 5 FCPATH\index.php(69): CodeIgniter\CodeIgniter->run()
 6 SYSTEMPATH\Commands\Server\rewrite.php(47): require_once('F:\\project\\xampp\\azure-ocr\\public\\index.php')
CRITICAL - 2023-05-21 16:49:20 --> Undefined index: regions
in APPPATH\Controllers\Home.php on line 133.
 1 APPPATH\Controllers\Home.php(133): CodeIgniter\Debug\Exceptions->errorHandler(8, 'Undefined index: regions', 'F:\\project\\xampp\\azure-ocr\\app\\Controllers\\Home.php', 133, [...])
 2 SYSTEMPATH\CodeIgniter.php(936): App\Controllers\Home->runOCR()
 3 SYSTEMPATH\CodeIgniter.php(499): CodeIgniter\CodeIgniter->runController(Object(App\Controllers\Home))
 4 SYSTEMPATH\CodeIgniter.php(368): CodeIgniter\CodeIgniter->handleRequest(null, Object(Config\Cache), false)
 5 FCPATH\index.php(69): CodeIgniter\CodeIgniter->run()
 6 SYSTEMPATH\Commands\Server\rewrite.php(47): require_once('F:\\project\\xampp\\azure-ocr\\public\\index.php')
CRITICAL - 2023-05-21 16:52:19 --> Undefined index: regions
in APPPATH\Controllers\Home.php on line 133.
 1 APPPATH\Controllers\Home.php(133): CodeIgniter\Debug\Exceptions->errorHandler(8, 'Undefined index: regions', 'F:\\project\\xampp\\azure-ocr\\app\\Controllers\\Home.php', 133, [...])
 2 SYSTEMPATH\CodeIgniter.php(936): App\Controllers\Home->runOCR()
 3 SYSTEMPATH\CodeIgniter.php(499): CodeIgniter\CodeIgniter->runController(Object(App\Controllers\Home))
 4 SYSTEMPATH\CodeIgniter.php(368): CodeIgniter\CodeIgniter->handleRequest(null, Object(Config\Cache), false)
 5 FCPATH\index.php(69): CodeIgniter\CodeIgniter->run()
 6 SYSTEMPATH\Commands\Server\rewrite.php(47): require_once('F:\\project\\xampp\\azure-ocr\\public\\index.php')
CRITICAL - 2023-05-21 16:55:39 --> Undefined index: regions
in APPPATH\Controllers\Home.php on line 134.
 1 APPPATH\Controllers\Home.php(134): CodeIgniter\Debug\Exceptions->errorHandler(8, 'Undefined index: regions', 'F:\\project\\xampp\\azure-ocr\\app\\Controllers\\Home.php', 134, [...])
 2 SYSTEMPATH\CodeIgniter.php(936): App\Controllers\Home->runOCR()
 3 SYSTEMPATH\CodeIgniter.php(499): CodeIgniter\CodeIgniter->runController(Object(App\Controllers\Home))
 4 SYSTEMPATH\CodeIgniter.php(368): CodeIgniter\CodeIgniter->handleRequest(null, Object(Config\Cache), false)
 5 FCPATH\index.php(69): CodeIgniter\CodeIgniter->run()
 6 SYSTEMPATH\Commands\Server\rewrite.php(47): require_once('F:\\project\\xampp\\azure-ocr\\public\\index.php')
CRITICAL - 2023-05-21 16:58:14 --> Undefined index: regions
in APPPATH\Controllers\Home.php on line 134.
 1 APPPATH\Controllers\Home.php(134): CodeIgniter\Debug\Exceptions->errorHandler(8, 'Undefined index: regions', 'F:\\project\\xampp\\azure-ocr\\app\\Controllers\\Home.php', 134, [...])
 2 SYSTEMPATH\CodeIgniter.php(936): App\Controllers\Home->runOCR()
 3 SYSTEMPATH\CodeIgniter.php(499): CodeIgniter\CodeIgniter->runController(Object(App\Controllers\Home))
 4 SYSTEMPATH\CodeIgniter.php(368): CodeIgniter\CodeIgniter->handleRequest(null, Object(Config\Cache), false)
 5 FCPATH\index.php(69): CodeIgniter\CodeIgniter->run()
 6 SYSTEMPATH\Commands\Server\rewrite.php(47): require_once('F:\\project\\xampp\\azure-ocr\\public\\index.php')
CRITICAL - 2023-05-21 16:59:19 --> Undefined index: regions
in APPPATH\Controllers\Home.php on line 134.
 1 APPPATH\Controllers\Home.php(134): CodeIgniter\Debug\Exceptions->errorHandler(8, 'Undefined index: regions', 'F:\\project\\xampp\\azure-ocr\\app\\Controllers\\Home.php', 134, [...])
 2 SYSTEMPATH\CodeIgniter.php(936): App\Controllers\Home->runOCR()
 3 SYSTEMPATH\CodeIgniter.php(499): CodeIgniter\CodeIgniter->runController(Object(App\Controllers\Home))
 4 SYSTEMPATH\CodeIgniter.php(368): CodeIgniter\CodeIgniter->handleRequest(null, Object(Config\Cache), false)
 5 FCPATH\index.php(69): CodeIgniter\CodeIgniter->run()
 6 SYSTEMPATH\Commands\Server\rewrite.php(47): require_once('F:\\project\\xampp\\azure-ocr\\public\\index.php')
CRITICAL - 2023-05-21 17:01:42 --> Undefined index: regions
in APPPATH\Controllers\Home.php on line 134.
 1 APPPATH\Controllers\Home.php(134): CodeIgniter\Debug\Exceptions->errorHandler(8, 'Undefined index: regions', 'F:\\project\\xampp\\azure-ocr\\app\\Controllers\\Home.php', 134, [...])
 2 SYSTEMPATH\CodeIgniter.php(936): App\Controllers\Home->runOCR()
 3 SYSTEMPATH\CodeIgniter.php(499): CodeIgniter\CodeIgniter->runController(Object(App\Controllers\Home))
 4 SYSTEMPATH\CodeIgniter.php(368): CodeIgniter\CodeIgniter->handleRequest(null, Object(Config\Cache), false)
 5 FCPATH\index.php(69): CodeIgniter\CodeIgniter->run()
 6 SYSTEMPATH\Commands\Server\rewrite.php(47): require_once('F:\\project\\xampp\\azure-ocr\\public\\index.php')
CRITICAL - 2023-05-21 17:40:42 --> Undefined index: mode
in APPPATH\Controllers\Home.php on line 17.
 1 APPPATH\Controllers\Home.php(17): CodeIgniter\Debug\Exceptions->errorHandler(8, 'Undefined index: mode', 'F:\\project\\xampp\\azure-ocr\\app\\Controllers\\Home.php', 17, [])
 2 SYSTEMPATH\CodeIgniter.php(936): App\Controllers\Home->runOCR()
 3 SYSTEMPATH\CodeIgniter.php(499): CodeIgniter\CodeIgniter->runController(Object(App\Controllers\Home))
 4 SYSTEMPATH\CodeIgniter.php(368): CodeIgniter\CodeIgniter->handleRequest(null, Object(Config\Cache), false)
 5 FCPATH\index.php(69): CodeIgniter\CodeIgniter->run()
 6 SYSTEMPATH\Commands\Server\rewrite.php(47): require_once('F:\\project\\xampp\\azure-ocr\\public\\index.php')
CRITICAL - 2023-05-21 17:42:18 --> Call to undefined function App\Controllers\handle_response()
in APPPATH\Controllers\Home.php on line 130.
 1 SYSTEMPATH\CodeIgniter.php(936): App\Controllers\Home->runOCR()
 2 SYSTEMPATH\CodeIgniter.php(499): CodeIgniter\CodeIgniter->runController(Object(App\Controllers\Home))
 3 SYSTEMPATH\CodeIgniter.php(368): CodeIgniter\CodeIgniter->handleRequest(null, Object(Config\Cache), false)
 4 FCPATH\index.php(69): CodeIgniter\CodeIgniter->run()
 5 SYSTEMPATH\Commands\Server\rewrite.php(47): require_once('F:\\project\\xampp\\azure-ocr\\public\\index.php')
CRITICAL - 2023-05-21 17:49:08 --> fopen(assets/upload/9430179361684691348.png): failed to open stream: No such file or directory
in APPPATH\Controllers\Home.php on line 34.
 1 [internal function]: CodeIgniter\Debug\Exceptions->errorHandler(2, 'fopen(assets/upload/9430179361684691348.png): failed to open stream: No such file or directory', 'F:\\project\\xampp\\azure-ocr\\app\\Controllers\\Home.php', 34, [...])
 2 APPPATH\Controllers\Home.php(34): fopen('assets/upload/9430179361684691348.png', 'r')
 3 SYSTEMPATH\CodeIgniter.php(936): App\Controllers\Home->runOCR()
 4 SYSTEMPATH\CodeIgniter.php(499): CodeIgniter\CodeIgniter->runController(Object(App\Controllers\Home))
 5 SYSTEMPATH\CodeIgniter.php(368): CodeIgniter\CodeIgniter->handleRequest(null, Object(Config\Cache), false)
 6 FCPATH\index.php(69): CodeIgniter\CodeIgniter->run()
 7 SYSTEMPATH\Commands\Server\rewrite.php(47): require_once('F:\\project\\xampp\\azure-ocr\\public\\index.php')
CRITICAL - 2023-05-21 17:50:32 --> fopen(assets/upload/13798396271684691432.png): failed to open stream: No such file or directory
in APPPATH\Controllers\Home.php on line 34.
 1 [internal function]: CodeIgniter\Debug\Exceptions->errorHandler(2, 'fopen(assets/upload/13798396271684691432.png): failed to open stream: No such file or directory', 'F:\\project\\xampp\\azure-ocr\\app\\Controllers\\Home.php', 34, [...])
 2 APPPATH\Controllers\Home.php(34): fopen('assets/upload/13798396271684691432.png', 'r')
 3 SYSTEMPATH\CodeIgniter.php(936): App\Controllers\Home->runOCR()
 4 SYSTEMPATH\CodeIgniter.php(499): CodeIgniter\CodeIgniter->runController(Object(App\Controllers\Home))
 5 SYSTEMPATH\CodeIgniter.php(368): CodeIgniter\CodeIgniter->handleRequest(null, Object(Config\Cache), false)
 6 FCPATH\index.php(69): CodeIgniter\CodeIgniter->run()
 7 SYSTEMPATH\Commands\Server\rewrite.php(47): require_once('F:\\project\\xampp\\azure-ocr\\public\\index.php')
CRITICAL - 2023-05-21 18:04:39 --> Undefined index: mode
in APPPATH\Controllers\Home.php on line 17.
 1 APPPATH\Controllers\Home.php(17): CodeIgniter\Debug\Exceptions->errorHandler(8, 'Undefined index: mode', 'F:\\project\\xampp\\azure-ocr\\app\\Controllers\\Home.php', 17, [])
 2 SYSTEMPATH\CodeIgniter.php(936): App\Controllers\Home->runOCR()
 3 SYSTEMPATH\CodeIgniter.php(499): CodeIgniter\CodeIgniter->runController(Object(App\Controllers\Home))
 4 SYSTEMPATH\CodeIgniter.php(368): CodeIgniter\CodeIgniter->handleRequest(null, Object(Config\Cache), false)
 5 FCPATH\index.php(69): CodeIgniter\CodeIgniter->run()
 6 SYSTEMPATH\Commands\Server\rewrite.php(47): require_once('F:\\project\\xampp\\azure-ocr\\public\\index.php')
CRITICAL - 2023-05-21 18:05:57 --> Undefined index: mode
in APPPATH\Controllers\Home.php on line 17.
 1 APPPATH\Controllers\Home.php(17): CodeIgniter\Debug\Exceptions->errorHandler(8, 'Undefined index: mode', 'F:\\project\\xampp\\azure-ocr\\app\\Controllers\\Home.php', 17, [])
 2 SYSTEMPATH\CodeIgniter.php(936): App\Controllers\Home->runOCR()
 3 SYSTEMPATH\CodeIgniter.php(499): CodeIgniter\CodeIgniter->runController(Object(App\Controllers\Home))
 4 SYSTEMPATH\CodeIgniter.php(368): CodeIgniter\CodeIgniter->handleRequest(null, Object(Config\Cache), false)
 5 FCPATH\index.php(69): CodeIgniter\CodeIgniter->run()
 6 SYSTEMPATH\Commands\Server\rewrite.php(47): require_once('F:\\project\\xampp\\azure-ocr\\public\\index.php')
